<?xml version="1.0" encoding="UTF-8"?>
<testng-results ignored="0" total="3" passed="3" failed="0" skipped="0">
  <reporter-output>
  </reporter-output>
  <suite started-at="2024-06-24T08:09:35 IST" name="Default suite" finished-at="2024-06-24T08:10:08 IST" duration-ms="33203">
    <groups>
      <group name="cucumber">
        <method signature="AbstractTestNGCucumberTests.runScenario(io.cucumber.testng.PickleWrapper,io.cucumber.testng.FeatureWrapper)[pri:0, instance:com.runner.Home_SignInPageRunner@587e5365]" name="runScenario" class="io.cucumber.testng.AbstractTestNGCucumberTests"/>
      </group> <!-- cucumber -->
    </groups>
    <test started-at="2024-06-24T08:09:35 IST" name="Default test" finished-at="2024-06-24T08:10:08 IST" duration-ms="33203">
      <class name="com.runner.Home_SignInPageRunner">
        <test-method is-config="true" signature="setUpClass(org.testng.ITestContext)[pri:0, instance:com.runner.Home_SignInPageRunner@587e5365]" started-at="2024-06-24T08:09:35 IST" name="setUpClass" finished-at="2024-06-24T08:09:36 IST" duration-ms="940" status="PASS">
          <params>
            <param index="0">
              <value>
                <![CDATA[org.testng.TestRunner@7cca01a8]]>
              </value>
            </param>
          </params>
          <reporter-output>
          </reporter-output>
        </test-method> <!-- setUpClass -->
        <test-method signature="runScenario(io.cucumber.testng.PickleWrapper,io.cucumber.testng.FeatureWrapper)[pri:0, instance:com.runner.Home_SignInPageRunner@587e5365]" started-at="2024-06-24T08:09:36 IST" name="runScenario" description="Runs Cucumber Scenarios" data-provider="scenarios" finished-at="2024-06-24T08:09:55 IST" duration-ms="18392" status="PASS">
          <params>
            <param index="0">
              <value>
                <![CDATA["Verify if user is able to load website of Amazon successfully"]]>
              </value>
            </param>
            <param index="1">
              <value>
                <![CDATA["Testing HomePage of amazon.in"]]>
              </value>
            </param>
          </params>
          <reporter-output>
          </reporter-output>
        </test-method> <!-- runScenario -->
        <test-method signature="runScenario(io.cucumber.testng.PickleWrapper,io.cucumber.testng.FeatureWrapper)[pri:0, instance:com.runner.Home_SignInPageRunner@587e5365]" started-at="2024-06-24T08:09:55 IST" name="runScenario" description="Runs Cucumber Scenarios" data-provider="scenarios" finished-at="2024-06-24T08:10:01 IST" duration-ms="5986" status="PASS">
          <params>
            <param index="0">
              <value>
                <![CDATA["Verify if error is displayed when user tries to login with invalid userid"]]>
              </value>
            </param>
            <param index="1">
              <value>
                <![CDATA["Title of your feature"]]>
              </value>
            </param>
          </params>
          <reporter-output>
          </reporter-output>
        </test-method> <!-- runScenario -->
        <test-method signature="runScenario(io.cucumber.testng.PickleWrapper,io.cucumber.testng.FeatureWrapper)[pri:0, instance:com.runner.Home_SignInPageRunner@587e5365]" started-at="2024-06-24T08:10:01 IST" name="runScenario" description="Runs Cucumber Scenarios" data-provider="scenarios" finished-at="2024-06-24T08:10:06 IST" duration-ms="5627" status="PASS">
          <params>
            <param index="0">
              <value>
                <![CDATA["Verify if error is displayed when user tries to login with invalid userid"]]>
              </value>
            </param>
            <param index="1">
              <value>
                <![CDATA["Title of your feature"]]>
              </value>
            </param>
          </params>
          <reporter-output>
          </reporter-output>
        </test-method> <!-- runScenario -->
        <test-method is-config="true" signature="tearDownClass()[pri:0, instance:com.runner.Home_SignInPageRunner@587e5365]" started-at="2024-06-24T08:10:06 IST" name="tearDownClass" finished-at="2024-06-24T08:10:08 IST" duration-ms="2183" status="PASS">
          <reporter-output>
          </reporter-output>
        </test-method> <!-- tearDownClass -->
      </class> <!-- com.runner.Home_SignInPageRunner -->
    </test> <!-- Default test -->
  </suite> <!-- Default suite -->
</testng-results>
